<?xml version="1.0" encoding="UTF-8"?>
<!-- Generated by org.testng.reporters.JUnitReportReporter -->
<testsuite hostname="LAPTOP-24GL9J8M" failures="0" tests="1" name="hackathonIndeedJobScraping.ScrapingIndeedJobs" time="47.105" errors="0" timestamp="2021-08-19T15:03:31 EDT" skipped="0">
  <testcase classname="hackathonIndeedJobScraping.ScrapingIndeedJobs" name="scrape_data" time="47.105"/>
  <system-out/>
</testsuite> <!-- hackathonIndeedJobScraping.ScrapingIndeedJobs -->
